<?xml version="1.0" encoding="UTF-8"?>
<!-- Generated by org.testng.reporters.JUnitReportReporter -->
<testsuite hostname="DESKTOP-93RQOLS" failures="0" tests="1" name="com.pixated.crm.organizationTest.SearchOrganisationTest" time="27.710" errors="0" timestamp="2024-12-09T21:09:35 IST" skipped="0">
  <testcase classname="com.pixated.crm.organizationTest.SearchOrganisationTest" name="searchTest" time="27.710"/>
  <system-out/>
</testsuite> <!-- com.pixated.crm.organizationTest.SearchOrganisationTest -->
