<?xml version="1.0" encoding="UTF-8"?>
<!-- Generated by org.testng.reporters.JUnitReportReporter -->
<testsuite hostname="DESKTOP-93RQOLS" failures="0" tests="1" name="com.comcast.crm.contactTest.CreateContactTest" time="92.818" errors="0" timestamp="2024-11-05T18:13:52 IST" skipped="0">
  <testcase classname="com.comcast.crm.contactTest.CreateContactTest" name="createContactTest" time="92.818"/>
  <system-out/>
</testsuite> <!-- com.comcast.crm.contactTest.CreateContactTest -->
