<?xml version="1.0" encoding="UTF-8"?>
<!-- Generated by org.testng.reporters.JUnitReportReporter -->
<testsuite hostname="DESKTOP-93RQOLS" failures="0" tests="1" name="com.pixated.crm.driveTest.CreateContactTest" time="64.714" errors="0" timestamp="2024-11-13T22:24:48 IST" skipped="0">
  <testcase classname="com.pixated.crm.driveTest.CreateContactTest" name="createContactTest" time="64.714"/>
  <system-out/>
</testsuite> <!-- com.pixated.crm.driveTest.CreateContactTest -->
